[2026-04-21 20:20:41]	Not found 'C Compiler' !, [path]: "/usr/bin/arm-none-eabi-gcc"
   at unify_builder.Program.Main(String[] args_)

[2026-04-21 20:25:43]	[info] incremental build: 32 source files changed
These source files will be recompiled
---
'/home/feifei/linux/git/git-team-learning/Inverted-Pendulum-Project/stm32code/HAL/BALANCE/CHECK/check.c': object (.o) file not exist
'/home/feifei/linux/git/git-team-learning/Inverted-Pendulum-Project/stm32code/HAL/BALANCE/CONTROL/control.c': object (.o) file not exist
'/home/feifei/linux/git/git-team-learning/Inverted-Pendulum-Project/stm32code/HAL/BALANCE/DataScope_DP/DataScope_DP.C': object (.o) file not exist
'/home/feifei/linux/git/git-team-learning/Inverted-Pendulum-Project/stm32code/HAL/BALANCE/show/show.c': object (.o) file not exist
'/home/feifei/linux/git/git-team-learning/Inverted-Pendulum-Project/stm32code/HAL/Core/Src/adc.c': object (.o) file not exist
'/home/feifei/linux/git/git-team-learning/Inverted-Pendulum-Project/stm32code/HAL/Core/Src/gpio.c': object (.o) file not exist
'/home/feifei/linux/git/git-team-learning/Inverted-Pendulum-Project/stm32code/HAL/Core/Src/main.c': object (.o) file not exist
'/home/feifei/linux/git/git-team-learning/Inverted-Pendulum-Project/stm32code/HAL/Core/Src/stm32f1xx_hal_msp.c': object (.o) file not exist
'/home/feifei/linux/git/git-team-learning/Inverted-Pendulum-Project/stm32code/HAL/Core/Src/stm32f1xx_it.c': object (.o) file not exist
'/home/feifei/linux/git/git-team-learning/Inverted-Pendulum-Project/stm32code/HAL/Core/Src/system_stm32f1xx.c': object (.o) file not exist
'/home/feifei/linux/git/git-team-learning/Inverted-Pendulum-Project/stm32code/HAL/Core/Src/tim.c': object (.o) file not exist
'/home/feifei/linux/git/git-team-learning/Inverted-Pendulum-Project/stm32code/HAL/Core/Src/usart.c': object (.o) file not exist
'/home/feifei/linux/git/git-team-learning/Inverted-Pendulum-Project/stm32code/HAL/Drivers/STM32F1xx_HAL_Driver/Src/stm32f1xx_hal.c': object (.o) file not exist
'/home/feifei/linux/git/git-team-learning/Inverted-Pendulum-Project/stm32code/HAL/Drivers/STM32F1xx_HAL_Driver/Src/stm32f1xx_hal_adc.c': object (.o) file not exist
'/home/feifei/linux/git/git-team-learning/Inverted-Pendulum-Project/stm32code/HAL/Drivers/STM32F1xx_HAL_Driver/Src/stm32f1xx_hal_adc_ex.c': object (.o) file not exist
'/home/feifei/linux/git/git-team-learning/Inverted-Pendulum-Project/stm32code/HAL/Drivers/STM32F1xx_HAL_Driver/Src/stm32f1xx_hal_cortex.c': object (.o) file not exist
'/home/feifei/linux/git/git-team-learning/Inverted-Pendulum-Project/stm32code/HAL/Drivers/STM32F1xx_HAL_Driver/Src/stm32f1xx_hal_dma.c': object (.o) file not exist
'/home/feifei/linux/git/git-team-learning/Inverted-Pendulum-Project/stm32code/HAL/Drivers/STM32F1xx_HAL_Driver/Src/stm32f1xx_hal_exti.c': object (.o) file not exist
'/home/feifei/linux/git/git-team-learning/Inverted-Pendulum-Project/stm32code/HAL/Drivers/STM32F1xx_HAL_Driver/Src/stm32f1xx_hal_flash.c': object (.o) file not exist
'/home/feifei/linux/git/git-team-learning/Inverted-Pendulum-Project/stm32code/HAL/Drivers/STM32F1xx_HAL_Driver/Src/stm32f1xx_hal_flash_ex.c': object (.o) file not exist
'/home/feifei/linux/git/git-team-learning/Inverted-Pendulum-Project/stm32code/HAL/Drivers/STM32F1xx_HAL_Driver/Src/stm32f1xx_hal_gpio.c': object (.o) file not exist
'/home/feifei/linux/git/git-team-learning/Inverted-Pendulum-Project/stm32code/HAL/Drivers/STM32F1xx_HAL_Driver/Src/stm32f1xx_hal_gpio_ex.c': object (.o) file not exist
'/home/feifei/linux/git/git-team-learning/Inverted-Pendulum-Project/stm32code/HAL/Drivers/STM32F1xx_HAL_Driver/Src/stm32f1xx_hal_pwr.c': object (.o) file not exist
'/home/feifei/linux/git/git-team-learning/Inverted-Pendulum-Project/stm32code/HAL/Drivers/STM32F1xx_HAL_Driver/Src/stm32f1xx_hal_rcc.c': object (.o) file not exist
'/home/feifei/linux/git/git-team-learning/Inverted-Pendulum-Project/stm32code/HAL/Drivers/STM32F1xx_HAL_Driver/Src/stm32f1xx_hal_rcc_ex.c': object (.o) file not exist
'/home/feifei/linux/git/git-team-learning/Inverted-Pendulum-Project/stm32code/HAL/Drivers/STM32F1xx_HAL_Driver/Src/stm32f1xx_hal_tim.c': object (.o) file not exist
'/home/feifei/linux/git/git-team-learning/Inverted-Pendulum-Project/stm32code/HAL/Drivers/STM32F1xx_HAL_Driver/Src/stm32f1xx_hal_tim_ex.c': object (.o) file not exist
'/home/feifei/linux/git/git-team-learning/Inverted-Pendulum-Project/stm32code/HAL/Drivers/STM32F1xx_HAL_Driver/Src/stm32f1xx_hal_uart.c': object (.o) file not exist
'/home/feifei/linux/git/git-team-learning/Inverted-Pendulum-Project/stm32code/HAL/HARDWARE/KEY/key.c': object (.o) file not exist
'/home/feifei/linux/git/git-team-learning/Inverted-Pendulum-Project/stm32code/HAL/HARDWARE/LED/LED.C': object (.o) file not exist
'/home/feifei/linux/git/git-team-learning/Inverted-Pendulum-Project/stm32code/HAL/HARDWARE/OLED/oled.c': object (.o) file not exist
'/home/feifei/linux/git/git-team-learning/Inverted-Pendulum-Project/stm32code/HAL/MDK-ARM/startup_stm32f103xb.s': object (.o) file not exist

[2026-04-21 20:25:44]	compilation failed at : "/home/feifei/linux/git/git-team-learning/Inverted-Pendulum-Project/stm32code/HAL/MDK-ARM/startup_stm32f103xb.s", exit code: 1
command: 
  "/usr/bin/arm-none-eabi-gcc" -c -x assembler-with-cpp -I../Core/Inc -I../Drivers/STM32F1xx_HAL_Driver/Inc -I../Drivers/STM32F1xx_HAL_Driver/Inc/Legacy -I../Drivers/CMSIS/Device/ST/STM32F1xx/Include -I../Drivers/CMSIS/Include -I../HARDWARE/OLED -I../BALANCE/CHECK -I../BALANCE/CONTROL -I../BALANCE/DataScope_DP -I../BALANCE/show -I.cmsis/include -IRTE/_WHEELTEC -mcpu=cortex-m3 -mthumb -o ./build/WHEELTEC/.obj/startup_stm32f103xb.o -MMD ./startup_stm32f103xb.s
   at unify_builder.Program.compileByMulThread(Int32 thrNum, CmdInfo[] cmds_, List`1 errLogs)
   at unify_builder.Program.Main(String[] args_)
---
./startup_stm32f103xb.s: Assembler messages:
./startup_stm32f103xb.s:1: Error: junk at end of line, first unrecognized character is `*'
./startup_stm32f103xb.s:2: Error: junk at end of line, first unrecognized character is `*'
./startup_stm32f103xb.s:3: Error: junk at end of line, first unrecognized character is `*'
./startup_stm32f103xb.s:4: Error: junk at end of line, first unrecognized character is `*'
./startup_stm32f103xb.s:5: Error: junk at end of line, first unrecognized character is `*'
./startup_stm32f103xb.s:6: Error: junk at end of line, first unrecognized character is `*'
./startup_stm32f103xb.s:7: Error: junk at end of line, first unrecognized character is `*'
./startup_stm32f103xb.s:8: Error: junk at end of line, first unrecognized character is `*'
./startup_stm32f103xb.s:9: Error: junk at end of line, first unrecognized character is `*'
./startup_stm32f103xb.s:10: Error: junk at end of line, first unrecognized character is `*'
./startup_stm32f103xb.s:11: Error: junk at end of line, first unrecognized character is `*'
./startup_stm32f103xb.s:12: Error: junk at end of line, first unrecognized character is `*'
./startup_stm32f103xb.s:13: Error: junk at end of line, first unrecognized character is `*'
./startup_stm32f103xb.s:14: Error: junk at end of line, first unrecognized character is `*'
./startup_stm32f103xb.s:15: Error: junk at end of line, first unrecognized character is `*'
./startup_stm32f103xb.s:16: Error: junk at end of line, first unrecognized character is `*'
./startup_stm32f103xb.s:17: Error: junk at end of line, first unrecognized character is `*'
./startup_stm32f103xb.s:18: Error: junk at end of line, first unrecognized character is `*'
./startup_stm32f103xb.s:19: Error: junk at end of line, first unrecognized character is `*'
./startup_stm32f103xb.s:20: Error: junk at end of line, first unrecognized character is `*'
./startup_stm32f103xb.s:21: Error: junk at end of line, first unrecognized character is `*'
./startup_stm32f103xb.s:21: Error: bad instruction `you may not use this file except in compliance with the'
./startup_stm32f103xb.s:22: Error: junk at end of line, first unrecognized character is `*'
./startup_stm32f103xb.s:23: Error: junk at end of line, first unrecognized character is `*'
./startup_stm32f103xb.s:24: Error: junk at end of line, first unrecognized character is `*'
./startup_stm32f103xb.s:25: Error: junk at end of line, first unrecognized character is `*'
./startup_stm32f103xb.s:27: Error: bad instruction `amount of memory(in bytes)allocated for Stack'
./startup_stm32f103xb.s:28: Error: bad instruction `tailor this value to your application needs'
./startup_stm32f103xb.s:29: Error: junk at end of line, first unrecognized character is `<'
./startup_stm32f103xb.s:30: Error: junk at end of line, first unrecognized character is `<'
./startup_stm32f103xb.s:31: Error: junk at end of line, first unrecognized character is `<'
./startup_stm32f103xb.s:33: Error: bad instruction `stack_size EQU 0x400'
./startup_stm32f103xb.s:35: Error: bad instruction `area STACK,NOINIT,READWRITE,ALIGN=3'
./startup_stm32f103xb.s:36: Error: bad instruction `stack_mem SPACE Stack_Size'
./startup_stm32f103xb.s:37: Error: bad instruction `__initial_sp'
./startup_stm32f103xb.s:40: Error: junk at end of line, first unrecognized character is `<'
./startup_stm32f103xb.s:41: Error: junk at end of line, first unrecognized character is `<'
./startup_stm32f103xb.s:42: Error: junk at end of line, first unrecognized character is `<'
./startup_stm32f103xb.s:44: Error: bad instruction `heap_size EQU 0x200'
./startup_stm32f103xb.s:46: Error: bad instruction `area HEAP,NOINIT,READWRITE,ALIGN=3'
./startup_stm32f103xb.s:47: Error: bad instruction `__heap_base'
./startup_stm32f103xb.s:48: Error: bad instruction `heap_mem SPACE Heap_Size'
./startup_stm32f103xb.s:49: Error: bad instruction `__heap_limit'
./startup_stm32f103xb.s:51: Error: bad instruction `preserve8'
./startup_stm32f103xb.s:52: Error: bad instruction `thumb'
./startup_stm32f103xb.s:55: Error: bad instruction `vector Table Mapped to Address 0 at Reset'
./startup_stm32f103xb.s:56: Error: bad instruction `area RESET,DATA,READONLY'
./startup_stm32f103xb.s:57: Error: bad instruction `export __Vectors'
./startup_stm32f103xb.s:58: Error: bad instruction `export __Vectors_End'
./startup_stm32f103xb.s:59: Error: bad instruction `export __Vectors_Size'
./startup_stm32f103xb.s:61: Error: bad instruction `__vectors DCD __initial_sp'
./startup_stm32f103xb.s:61: Error: bad instruction `top of Stack'
./startup_stm32f103xb.s:62: Error: bad instruction `dcd Reset_Handler'
./startup_stm32f103xb.s:62: Error: bad instruction `reset Handler'
./startup_stm32f103xb.s:63: Error: bad instruction `dcd NMI_Handler'
./startup_stm32f103xb.s:63: Error: bad instruction `nmi Handler'
./startup_stm32f103xb.s:64: Error: bad instruction `dcd HardFault_Handler'
./startup_stm32f103xb.s:64: Error: bad instruction `hard Fault Handler'
./startup_stm32f103xb.s:65: Error: bad instruction `dcd MemManage_Handler'
./startup_stm32f103xb.s:65: Error: bad instruction `mpu Fault Handler'
./startup_stm32f103xb.s:66: Error: bad instruction `dcd BusFault_Handler'
./startup_stm32f103xb.s:66: Error: bad instruction `bus Fault Handler'
./startup_stm32f103xb.s:67: Error: bad instruction `dcd UsageFault_Handler'
./startup_stm32f103xb.s:67: Error: bad instruction `usage Fault Handler'
./startup_stm32f103xb.s:68: Error: bad instruction `dcd 0'
./startup_stm32f103xb.s:68: Error: bad instruction `reserved'
./startup_stm32f103xb.s:69: Error: bad instruction `dcd 0'
./startup_stm32f103xb.s:69: Error: bad instruction `reserved'
./startup_stm32f103xb.s:70: Error: bad instruction `dcd 0'
./startup_stm32f103xb.s:70: Error: bad instruction `reserved'
./startup_stm32f103xb.s:71: Error: bad instruction `dcd 0'
./startup_stm32f103xb.s:71: Error: bad instruction `reserved'
./startup_stm32f103xb.s:72: Error: bad instruction `dcd SVC_Handler'
./startup_stm32f103xb.s:72: Error: bad instruction `svcall Handler'
./startup_stm32f103xb.s:73: Error: bad instruction `dcd DebugMon_Handler'
./startup_stm32f103xb.s:73: Error: bad instruction `debug Monitor Handler'
./startup_stm32f103xb.s:74: Error: bad instruction `dcd 0'
./startup_stm32f103xb.s:74: Error: bad instruction `reserved'
./startup_stm32f103xb.s:75: Error: bad instruction `dcd PendSV_Handler'
./startup_stm32f103xb.s:75: Error: bad instruction `pendsv Handler'
./startup_stm32f103xb.s:76: Error: bad instruction `dcd SysTick_Handler'
./startup_stm32f103xb.s:76: Error: bad instruction `systick Handler'
./startup_stm32f103xb.s:78: Error: bad instruction `external Interrupts'
./startup_stm32f103xb.s:79: Error: bad instruction `dcd WWDG_IRQHandler'
./startup_stm32f103xb.s:79: Error: bad instruction `window Watchdog'
./startup_stm32f103xb.s:80: Error: bad instruction `dcd PVD_IRQHandler'
./startup_stm32f103xb.s:80: Error: bad instruction `pvd through EXTI Line detect'
./startup_stm32f103xb.s:81: Error: bad instruction `dcd TAMPER_IRQHandler'
./startup_stm32f103xb.s:81: Error: bad instruction `tamper'
./startup_stm32f103xb.s:82: Error: bad instruction `dcd RTC_IRQHandler'
./startup_stm32f103xb.s:82: Error: bad instruction `rtc'
./startup_stm32f103xb.s:83: Error: bad instruction `dcd FLASH_IRQHandler'
./startup_stm32f103xb.s:83: Error: bad instruction `flash'
./startup_stm32f103xb.s:84: Error: bad instruction `dcd RCC_IRQHandler'
./startup_stm32f103xb.s:84: Error: bad instruction `rcc'
./startup_stm32f103xb.s:85: Error: bad instruction `dcd EXTI0_IRQHandler'
./startup_stm32f103xb.s:85: Error: bad instruction `exti Line 0'
./startup_stm32f103xb.s:86: Error: bad instruction `dcd EXTI1_IRQHandler'
./startup_stm32f103xb.s:86: Error: bad instruction `exti Line 1'
./startup_stm32f103xb.s:87: Error: bad instruction `dcd EXTI2_IRQHandler'
./startup_stm32f103xb.s:87: Error: bad instruction `exti Line 2'
./startup_stm32f103xb.s:88: Error: bad instruction `dcd EXTI3_IRQHandler'
./startup_stm32f103xb.s:88: Error: bad instruction `exti Line 3'
./startup_stm32f103xb.s:89: Error: bad instruction `dcd EXTI4_IRQHandler'
./startup_stm32f103xb.s:89: Error: bad instruction `exti Line 4'
./startup_stm32f103xb.s:90: Error: bad instruction `dcd DMA1_Channel1_IRQHandler'
./startup_stm32f103xb.s:90: Error: bad instruction `dma1 Channel 1'
./startup_stm32f103xb.s:91: Error: bad instruction `dcd DMA1_Channel2_IRQHandler'
./startup_stm32f103xb.s:91: Error: bad instruction `dma1 Channel 2'
./startup_stm32f103xb.s:92: Error: bad instruction `dcd DMA1_Channel3_IRQHandler'
./startup_stm32f103xb.s:92: Error: bad instruction `dma1 Channel 3'
./startup_stm32f103xb.s:93: Error: bad instruction `dcd DMA1_Channel4_IRQHandler'
./startup_stm32f103xb.s:93: Error: bad instruction `dma1 Channel 4'
./startup_stm32f103xb.s:94: Error: bad instruction `dcd DMA1_Channel5_IRQHandler'
./startup_stm32f103xb.s:94: Error: bad instruction `dma1 Channel 5'
./startup_stm32f103xb.s:95: Error: bad instruction `dcd DMA1_Channel6_IRQHandler'
./startup_stm32f103xb.s:95: Error: bad instruction `dma1 Channel 6'
./startup_stm32f103xb.s:96: Error: bad instruction `dcd DMA1_Channel7_IRQHandler'
./startup_stm32f103xb.s:96: Error: bad instruction `dma1 Channel 7'
./startup_stm32f103xb.s:97: Error: bad instruction `dcd ADC1_2_IRQHandler'
./startup_stm32f103xb.s:97: Error: bad instruction `adc1_2'
./startup_stm32f103xb.s:98: Error: bad instruction `dcd USB_HP_CAN1_TX_IRQHandler'
./startup_stm32f103xb.s:98: Error: bad instruction `usb High Priority or CAN1 TX'
./startup_stm32f103xb.s:99: Error: bad instruction `dcd USB_LP_CAN1_RX0_IRQHandler'
./startup_stm32f103xb.s:99: Error: bad instruction `usb Low Priority or CAN1 RX0'
./startup_stm32f103xb.s:100: Error: bad instruction `dcd CAN1_RX1_IRQHandler'
./startup_stm32f103xb.s:100: Error: bad instruction `can1 RX1'
./startup_stm32f103xb.s:101: Error: bad instruction `dcd CAN1_SCE_IRQHandler'
./startup_stm32f103xb.s:101: Error: bad instruction `can1 SCE'
./startup_stm32f103xb.s:102: Error: bad instruction `dcd EXTI9_5_IRQHandler'
./startup_stm32f103xb.s:102: Error: bad instruction `exti Line 9..5'
./startup_stm32f103xb.s:103: Error: bad instruction `dcd TIM1_BRK_IRQHandler'
./startup_stm32f103xb.s:103: Error: bad instruction `tim1 Break'
./startup_stm32f103xb.s:104: Error: bad instruction `dcd TIM1_UP_IRQHandler'
./startup_stm32f103xb.s:104: Error: bad instruction `tim1 Update'
./startup_stm32f103xb.s:105: Error: bad instruction `dcd TIM1_TRG_COM_IRQHandler'
./startup_stm32f103xb.s:105: Error: bad instruction `tim1 Trigger and Commutation'
./startup_stm32f103xb.s:106: Error: bad instruction `dcd TIM1_CC_IRQHandler'
./startup_stm32f103xb.s:106: Error: bad instruction `tim1 Capture Compare'
./startup_stm32f103xb.s:107: Error: bad instruction `dcd TIM2_IRQHandler'
./startup_stm32f103xb.s:107: Error: bad instruction `tim2'
./startup_stm32f103xb.s:108: Error: bad instruction `dcd TIM3_IRQHandler'
./startup_stm32f103xb.s:108: Error: bad instruction `tim3'
./startup_stm32f103xb.s:109: Error: bad instruction `dcd TIM4_IRQHandler'
./startup_stm32f103xb.s:109: Error: bad instruction `tim4'
./startup_stm32f103xb.s:110: Error: bad instruction `dcd I2C1_EV_IRQHandler'
./startup_stm32f103xb.s:110: Error: bad instruction `i2c1 Event'
./startup_stm32f103xb.s:111: Error: bad instruction `dcd I2C1_ER_IRQHandler'
./startup_stm32f103xb.s:111: Error: bad instruction `i2c1 Error'
./startup_stm32f103xb.s:112: Error: bad instruction `dcd I2C2_EV_IRQHandler'
./startup_stm32f103xb.s:112: Error: bad instruction `i2c2 Event'
./startup_stm32f103xb.s:113: Error: bad instruction `dcd I2C2_ER_IRQHandler'
./startup_stm32f103xb.s:113: Error: bad instruction `i2c2 Error'
./startup_stm32f103xb.s:114: Error: bad instruction `dcd SPI1_IRQHandler'
./startup_stm32f103xb.s:114: Error: bad instruction `spi1'
./startup_stm32f103xb.s:115: Error: bad instruction `dcd SPI2_IRQHandler'
./startup_stm32f103xb.s:115: Error: bad instruction `spi2'
./startup_stm32f103xb.s:116: Error: bad instruction `dcd USART1_IRQHandler'
./startup_stm32f103xb.s:116: Error: bad instruction `usart1'
./startup_stm32f103xb.s:117: Error: bad instruction `dcd USART2_IRQHandler'
./startup_stm32f103xb.s:117: Error: bad instruction `usart2'
./startup_stm32f103xb.s:118: Error: bad instruction `dcd USART3_IRQHandler'
./startup_stm32f103xb.s:118: Error: bad instruction `usart3'
./startup_stm32f103xb.s:119: Error: bad instruction `dcd EXTI15_10_IRQHandler'
./startup_stm32f103xb.s:119: Error: bad instruction `exti Line 15..10'
./startup_stm32f103xb.s:120: Error: bad instruction `dcd RTC_Alarm_IRQHandler'
./startup_stm32f103xb.s:120: Error: bad instruction `rtc Alarm through EXTI Line'
./startup_stm32f103xb.s:121: Error: bad instruction `dcd USBWakeUp_IRQHandler'
./startup_stm32f103xb.s:121: Error: bad instruction `usb Wakeup from suspend'
./startup_stm32f103xb.s:122: Error: bad instruction `__vectors_end'
./startup_stm32f103xb.s:124: Error: bad instruction `__vectors_size EQU __Vectors_End-__Vectors'
./startup_stm32f103xb.s:126: Error: bad instruction `area |.text|,CODE,READONLY'
./startup_stm32f103xb.s:128: Error: bad instruction `reset handler'
./startup_stm32f103xb.s:129: Error: bad instruction `reset_handler PROC'
./startup_stm32f103xb.s:130: Error: bad instruction `export Reset_Handler [WEAK]'
./startup_stm32f103xb.s:131: Error: bad instruction `import __main'
./startup_stm32f103xb.s:132: Error: bad instruction `import SystemInit'
./startup_stm32f103xb.s:137: Error: bad instruction `endp'
./startup_stm32f103xb.s:139: Error: bad instruction `dummy Exception Handlers(infinite loops which can be modified)'
./startup_stm32f103xb.s:141: Error: bad instruction `nmi_handler PROC'
./startup_stm32f103xb.s:142: Error: bad instruction `export NMI_Handler [WEAK]'
./startup_stm32f103xb.s:144: Error: bad instruction `endp'
./startup_stm32f103xb.s:145: Error: bad instruction `hardfault_handler PROC'
./startup_stm32f103xb.s:147: Error: bad instruction `export HardFault_Handler [WEAK]'
./startup_stm32f103xb.s:149: Error: bad instruction `endp'
./startup_stm32f103xb.s:150: Error: bad instruction `memmanage_handler PROC'
./startup_stm32f103xb.s:152: Error: bad instruction `export MemManage_Handler [WEAK]'
./startup_stm32f103xb.s:154: Error: bad instruction `endp'
./startup_stm32f103xb.s:155: Error: bad instruction `busfault_handler PROC'
./startup_stm32f103xb.s:157: Error: bad instruction `export BusFault_Handler [WEAK]'
./startup_stm32f103xb.s:159: Error: bad instruction `endp'
./startup_stm32f103xb.s:160: Error: bad instruction `usagefault_handler PROC'
./startup_stm32f103xb.s:162: Error: bad instruction `export UsageFault_Handler [WEAK]'
./startup_stm32f103xb.s:164: Error: bad instruction `endp'
./startup_stm32f103xb.s:165: Error: bad instruction `svc_handler PROC'
./startup_stm32f103xb.s:166: Error: bad instruction `export SVC_Handler [WEAK]'
./startup_stm32f103xb.s:168: Error: bad instruction `endp'
./startup_stm32f103xb.s:169: Error: bad instruction `debugmon_handler PROC'
./startup_stm32f103xb.s:171: Error: bad instruction `export DebugMon_Handler [WEAK]'
./startup_stm32f103xb.s:173: Error: bad instruction `endp'
./startup_stm32f103xb.s:174: Error: bad instruction `pendsv_handler PROC'
./startup_stm32f103xb.s:175: Error: bad instruction `export PendSV_Handler [WEAK]'
./startup_stm32f103xb.s:177: Error: bad instruction `endp'
./startup_stm32f103xb.s:178: Error: bad instruction `systick_handler PROC'
./startup_stm32f103xb.s:179: Error: bad instruction `export SysTick_Handler [WEAK]'
./startup_stm32f103xb.s:181: Error: bad instruction `endp'
./startup_stm32f103xb.s:183: Error: bad instruction `default_handler PROC'
./startup_stm32f103xb.s:185: Error: bad instruction `export WWDG_IRQHandler [WEAK]'
./startup_stm32f103xb.s:186: Error: bad instruction `export PVD_IRQHandler [WEAK]'
./startup_stm32f103xb.s:187: Error: bad instruction `export TAMPER_IRQHandler [WEAK]'
./startup_stm32f103xb.s:188: Error: bad instruction `export RTC_IRQHandler [WEAK]'
./startup_stm32f103xb.s:189: Error: bad instruction `export FLASH_IRQHandler [WEAK]'
./startup_stm32f103xb.s:190: Error: bad instruction `export RCC_IRQHandler [WEAK]'
./startup_stm32f103xb.s:191: Error: bad instruction `export EXTI0_IRQHandler [WEAK]'
./startup_stm32f103xb.s:192: Error: bad instruction `export EXTI1_IRQHandler [WEAK]'
./startup_stm32f103xb.s:193: Error: bad instruction `export EXTI2_IRQHandler [WEAK]'
./startup_stm32f103xb.s:194: Error: bad instruction `export EXTI3_IRQHandler [WEAK]'
./startup_stm32f103xb.s:195: Error: bad instruction `export EXTI4_IRQHandler [WEAK]'
./startup_stm32f103xb.s:196: Error: bad instruction `export DMA1_Channel1_IRQHandler [WEAK]'
./startup_stm32f103xb.s:197: Error: bad instruction `export DMA1_Channel2_IRQHandler [WEAK]'
./startup_stm32f103xb.s:198: Error: bad instruction `export DMA1_Channel3_IRQHandler [WEAK]'
./startup_stm32f103xb.s:199: Error: bad instruction `export DMA1_Channel4_IRQHandler [WEAK]'
./startup_stm32f103xb.s:200: Error: bad instruction `export DMA1_Channel5_IRQHandler [WEAK]'
./startup_stm32f103xb.s:201: Error: bad instruction `export DMA1_Channel6_IRQHandler [WEAK]'
./startup_stm32f103xb.s:202: Error: bad instruction `export DMA1_Channel7_IRQHandler [WEAK]'
./startup_stm32f103xb.s:203: Error: bad instruction `export ADC1_2_IRQHandler [WEAK]'
./startup_stm32f103xb.s:204: Error: bad instruction `export USB_HP_CAN1_TX_IRQHandler [WEAK]'
./startup_stm32f103xb.s:205: Error: bad instruction `export USB_LP_CAN1_RX0_IRQHandler [WEAK]'
./startup_stm32f103xb.s:206: Error: bad instruction `export CAN1_RX1_IRQHandler [WEAK]'
./startup_stm32f103xb.s:207: Error: bad instruction `export CAN1_SCE_IRQHandler [WEAK]'
./startup_stm32f103xb.s:208: Error: bad instruction `export EXTI9_5_IRQHandler [WEAK]'
./startup_stm32f103xb.s:209: Error: bad instruction `export TIM1_BRK_IRQHandler [WEAK]'
./startup_stm32f103xb.s:210: Error: bad instruction `export TIM1_UP_IRQHandler [WEAK]'
./startup_stm32f103xb.s:211: Error: bad instruction `export TIM1_TRG_COM_IRQHandler [WEAK]'
./startup_stm32f103xb.s:212: Error: bad instruction `export TIM1_CC_IRQHandler [WEAK]'
./startup_stm32f103xb.s:213: Error: bad instruction `export TIM2_IRQHandler [WEAK]'
./startup_stm32f103xb.s:214: Error: bad instruction `export TIM3_IRQHandler [WEAK]'
./startup_stm32f103xb.s:215: Error: bad instruction `export TIM4_IRQHandler [WEAK]'
./startup_stm32f103xb.s:216: Error: bad instruction `export I2C1_EV_IRQHandler [WEAK]'
./startup_stm32f103xb.s:217: Error: bad instruction `export I2C1_ER_IRQHandler [WEAK]'
./startup_stm32f103xb.s:218: Error: bad instruction `export I2C2_EV_IRQHandler [WEAK]'
./startup_stm32f103xb.s:219: Error: bad instruction `export I2C2_ER_IRQHandler [WEAK]'
./startup_stm32f103xb.s:220: Error: bad instruction `export SPI1_IRQHandler [WEAK]'
./startup_stm32f103xb.s:221: Error: bad instruction `export SPI2_IRQHandler [WEAK]'
./startup_stm32f103xb.s:222: Error: bad instruction `export USART1_IRQHandler [WEAK]'
./startup_stm32f103xb.s:223: Error: bad instruction `export USART2_IRQHandler [WEAK]'
./startup_stm32f103xb.s:224: Error: bad instruction `export USART3_IRQHandler [WEAK]'
./startup_stm32f103xb.s:225: Error: bad instruction `export EXTI15_10_IRQHandler [WEAK]'
./startup_stm32f103xb.s:226: Error: bad instruction `export RTC_Alarm_IRQHandler [WEAK]'
./startup_stm32f103xb.s:227: Error: bad instruction `export USBWakeUp_IRQHandler [WEAK]'
./startup_stm32f103xb.s:229: Error: bad instruction `wwdg_irqhandler'
./startup_stm32f103xb.s:230: Error: bad instruction `pvd_irqhandler'
./startup_stm32f103xb.s:231: Error: bad instruction `tamper_irqhandler'
./startup_stm32f103xb.s:232: Error: bad instruction `rtc_irqhandler'
./startup_stm32f103xb.s:233: Error: bad instruction `flash_irqhandler'
./startup_stm32f103xb.s:234: Error: bad instruction `rcc_irqhandler'
./startup_stm32f103xb.s:235: Error: bad instruction `exti0_irqhandler'
./startup_stm32f103xb.s:236: Error: bad instruction `exti1_irqhandler'
./startup_stm32f103xb.s:237: Error: bad instruction `exti2_irqhandler'
./startup_stm32f103xb.s:238: Error: bad instruction `exti3_irqhandler'
./startup_stm32f103xb.s:239: Error: bad instruction `exti4_irqhandler'
./startup_stm32f103xb.s:240: Error: bad instruction `dma1_channel1_irqhandler'
./startup_stm32f103xb.s:241: Error: bad instruction `dma1_channel2_irqhandler'
./startup_stm32f103xb.s:242: Error: bad instruction `dma1_channel3_irqhandler'
./startup_stm32f103xb.s:243: Error: bad instruction `dma1_channel4_irqhandler'
./startup_stm32f103xb.s:244: Error: bad instruction `dma1_channel5_irqhandler'
./startup_stm32f103xb.s:245: Error: bad instruction `dma1_channel6_irqhandler'
./startup_stm32f103xb.s:246: Error: bad instruction `dma1_channel7_irqhandler'
./startup_stm32f103xb.s:247: Error: bad instruction `adc1_2_irqhandler'
./startup_stm32f103xb.s:248: Error: bad instruction `usb_hp_can1_tx_irqhandler'
./startup_stm32f103xb.s:249: Error: bad instruction `usb_lp_can1_rx0_irqhandler'
./startup_stm32f103xb.s:250: Error: bad instruction `can1_rx1_irqhandler'
./startup_stm32f103xb.s:251: Error: bad instruction `can1_sce_irqhandler'
./startup_stm32f103xb.s:252: Error: bad instruction `exti9_5_irqhandler'
./startup_stm32f103xb.s:253: Error: bad instruction `tim1_brk_irqhandler'
./startup_stm32f103xb.s:254: Error: bad instruction `tim1_up_irqhandler'
./startup_stm32f103xb.s:255: Error: bad instruction `tim1_trg_com_irqhandler'
./startup_stm32f103xb.s:256: Error: bad instruction `tim1_cc_irqhandler'
./startup_stm32f103xb.s:257: Error: bad instruction `tim2_irqhandler'
./startup_stm32f103xb.s:258: Error: bad instruction `tim3_irqhandler'
./startup_stm32f103xb.s:259: Error: bad instruction `tim4_irqhandler'
./startup_stm32f103xb.s:260: Error: bad instruction `i2c1_ev_irqhandler'
./startup_stm32f103xb.s:261: Error: bad instruction `i2c1_er_irqhandler'
./startup_stm32f103xb.s:262: Error: bad instruction `i2c2_ev_irqhandler'
./startup_stm32f103xb.s:263: Error: bad instruction `i2c2_er_irqhandler'
./startup_stm32f103xb.s:264: Error: bad instruction `spi1_irqhandler'
./startup_stm32f103xb.s:265: Error: bad instruction `spi2_irqhandler'
./startup_stm32f103xb.s:266: Error: bad instruction `usart1_irqhandler'
./startup_stm32f103xb.s:267: Error: bad instruction `usart2_irqhandler'
./startup_stm32f103xb.s:268: Error: bad instruction `usart3_irqhandler'
./startup_stm32f103xb.s:269: Error: bad instruction `exti15_10_irqhandler'
./startup_stm32f103xb.s:270: Error: bad instruction `rtc_alarm_irqhandler'
./startup_stm32f103xb.s:271: Error: bad instruction `usbwakeup_irqhandler'
./startup_stm32f103xb.s:275: Error: bad instruction `endp'
./startup_stm32f103xb.s:277: Error: bad instruction `align'
./startup_stm32f103xb.s:279: Error: junk at end of line, first unrecognized character is `*'
./startup_stm32f103xb.s:280: Error: bad instruction `user Stack and Heap initialization'
./startup_stm32f103xb.s:281: Error: junk at end of line, first unrecognized character is `*'
./startup_stm32f103xb.s:282: Error: bad instruction `__microlib'
./startup_stm32f103xb.s:284: Error: bad instruction `export __initial_sp'
./startup_stm32f103xb.s:285: Error: bad instruction `export __heap_base'
./startup_stm32f103xb.s:286: Error: bad instruction `export __heap_limit'
./startup_stm32f103xb.s:288: Error: bad instruction `else'
./startup_stm32f103xb.s:290: Error: bad instruction `import __use_two_region_memory'
./startup_stm32f103xb.s:291: Error: bad instruction `export __user_initial_stackheap'
./startup_stm32f103xb.s:293: Error: bad instruction `__user_initial_stackheap'
./startup_stm32f103xb.s:296: Error: syntax error -- `ldr R1,=(Stack_Mem+Stack_Size)'
./startup_stm32f103xb.s:297: Error: syntax error -- `ldr R2,=(Heap_Mem+Heap_Size)'
./startup_stm32f103xb.s:301: Error: bad instruction `align'
./startup_stm32f103xb.s:303: Error: bad instruction `endif'
./startup_stm32f103xb.s:305: Error: bad instruction `end'
./startup_stm32f103xb.s:307: Error: junk at end of line, first unrecognized character is `*'

[2026-04-21 20:26:52]	[info] incremental build: 1 source files changed
These source files will be recompiled
---
'/home/feifei/linux/git/git-team-learning/Inverted-Pendulum-Project/stm32code/HAL/MDK-ARM/startup_stm32f103xb.s': object (.o) file not exist

[2026-04-21 20:26:52]	link failed !, exit code: 1
   at unify_builder.Program.Main(String[] args_)
---
/usr/lib/gcc/arm-none-eabi/9.2.1/../../../arm-none-eabi/bin/ld: ./build/WHEELTEC/WHEELTEC.elf section `.text' will not fit in region `FLASH'
Memory region         Used Size  Region Size  %age Used
           FLASH:      102980 B        64 KB    157.14%
/usr/lib/gcc/arm-none-eabi/9.2.1/../../../arm-none-eabi/bin/ld: region `FLASH' overflowed by 37444 bytes
/usr/lib/gcc/arm-none-eabi/9.2.1/../../../arm-none-eabi/bin/ld: ./build/WHEELTEC/.obj/startup_stm32f103xb.o:(.text+0x0): undefined reference to `_sidata'
/usr/lib/gcc/arm-none-eabi/9.2.1/../../../arm-none-eabi/bin/ld: ./build/WHEELTEC/.obj/startup_stm32f103xb.o:(.text+0x4): undefined reference to `_sdata'
/usr/lib/gcc/arm-none-eabi/9.2.1/../../../arm-none-eabi/bin/ld: ./build/WHEELTEC/.obj/startup_stm32f103xb.o:(.text+0x8): undefined reference to `_edata'
/usr/lib/gcc/arm-none-eabi/9.2.1/../../../arm-none-eabi/bin/ld: ./build/WHEELTEC/.obj/startup_stm32f103xb.o:(.text+0xc): undefined reference to `_sbss'
/usr/lib/gcc/arm-none-eabi/9.2.1/../../../arm-none-eabi/bin/ld: ./build/WHEELTEC/.obj/startup_stm32f103xb.o:(.text+0x10): undefined reference to `_ebss'
/usr/lib/gcc/arm-none-eabi/9.2.1/../../../arm-none-eabi/bin/ld: ./build/WHEELTEC/.obj/startup_stm32f103xb.o: in function `LoopFillZerobss':
(.text.Reset_Handler+0x34): undefined reference to `_sdata'
/usr/lib/gcc/arm-none-eabi/9.2.1/../../../arm-none-eabi/bin/ld: (.text.Reset_Handler+0x38): undefined reference to `_edata'
/usr/lib/gcc/arm-none-eabi/9.2.1/../../../arm-none-eabi/bin/ld: (.text.Reset_Handler+0x3c): undefined reference to `_sidata'
/usr/lib/gcc/arm-none-eabi/9.2.1/../../../arm-none-eabi/bin/ld: (.text.Reset_Handler+0x40): undefined reference to `_sbss'
/usr/lib/gcc/arm-none-eabi/9.2.1/../../../arm-none-eabi/bin/ld: (.text.Reset_Handler+0x44): undefined reference to `_ebss'
/usr/lib/gcc/arm-none-eabi/9.2.1/../../../arm-none-eabi/bin/ld: ./build/WHEELTEC/.obj/startup_stm32f103xb.o:(.isr_vector+0x0): undefined reference to `_estack'
/usr/lib/gcc/arm-none-eabi/9.2.1/../../../arm-none-eabi/bin/ld: /usr/lib/gcc/arm-none-eabi/9.2.1/../../../arm-none-eabi/lib/thumb/v7-m/nofp/libc.a(lib_a-exit.o): in function `exit':
/build/newlib-CVVEyx/newlib-3.3.0/build/arm-none-eabi/thumb/v7-m/nofp/newlib/libc/stdlib/../../../../../../../../newlib/libc/stdlib/exit.c:64: undefined reference to `_exit'
collect2: error: ld returned 1 exit status
             RAM:        2864 B        20 KB     13.98%


[2026-04-21 20:34:01]	link failed !, exit code: 1
   at unify_builder.Program.Main(String[] args_)
---
Memory region         Used Size  Region Size  %age Used
           FLASH:      102980 B       512 KB     19.64%
             RAM:        2864 B        64 KB      4.37%
/usr/lib/gcc/arm-none-eabi/9.2.1/../../../arm-none-eabi/bin/ld: /usr/lib/gcc/arm-none-eabi/9.2.1/../../../arm-none-eabi/lib/thumb/v7-m/nofp/libc.a(lib_a-exit.o): in function `exit':
/build/newlib-CVVEyx/newlib-3.3.0/build/arm-none-eabi/thumb/v7-m/nofp/newlib/libc/stdlib/../../../../../../../../newlib/libc/stdlib/exit.c:64: undefined reference to `_exit'
collect2: error: ld returned 1 exit status


[2026-04-21 20:36:57]	[done]
	build successfully !

[2026-04-21 20:37:02]	[done]
	build successfully !

